[INFO][2016-06-15 10:09:41,219][com.sirding.test.TestIniEditorSpread]file:/C:/yrtz/project4ecplise/inieditor-spread/target/test-classes/
[INFO][2016-06-15 10:11:17,785][com.sirding.test.TestIniEditorSpread]false
[INFO][2016-06-15 10:11:17,795][com.sirding.test.TestIniEditorSpread]file:/C:/yrtz/project4ecplise/inieditor-spread/target/test-classes/test.int
[INFO][2016-06-15 10:11:36,456][com.sirding.test.TestIniEditorSpread]false
[INFO][2016-06-15 10:11:36,468][com.sirding.test.TestIniEditorSpread]file:/C:/yrtz/project4ecplise/inieditor-spread/target/test-classes/test.ini
[INFO][2016-06-15 10:13:18,811][com.sirding.test.TestIniEditorSpread]true
[INFO][2016-06-15 10:13:18,829][com.sirding.test.TestIniEditorSpread]file:/C:/yrtz/project4ecplise/inieditor-spread/target/test-classes/test.ini
[INFO][2016-06-15 10:29:09,339][com.sirding.test.TestIniEditorSpread]true
[INFO][2016-06-15 10:29:09,353][com.sirding.test.TestIniEditorSpread]C:/yrtz/project4ecplise/inieditor-spread/target/test-classes/test.ini
[INFO][2016-06-15 10:29:54,455][com.sirding.test.TestIniEditorSpread]c:/yrtz/project4ecplise/inieditor-spread/target/test-classes/test.ini	null	0
[INFO][2016-06-15 10:29:54,467][com.sirding.test.TestIniEditorSpread]true
[INFO][2016-06-15 10:29:54,467][com.sirding.test.TestIniEditorSpread]C:/yrtz/project4ecplise/inieditor-spread/target/test-classes/test.ini
[INFO][2016-06-16 08:55:18,832][com.sirding.test.TestIniEditorSpread]c:/yrtz/project4ecplise/inieditor-spread/target/test-classes/test.ini	null	0
[INFO][2016-06-16 08:55:18,847][com.sirding.test.TestIniEditorSpread]true
[INFO][2016-06-16 08:55:18,848][com.sirding.test.TestIniEditorSpread]C:/yrtz/project4ecplise/inieditor-spread/target/test-classes/test.ini
[INFO][2016-06-16 08:57:41,422][com.sirding.test.TestIniEditorSpread]c:/yrtz/project4ecplise/inieditor-spread/target/test-classes/test.ini	null	0
[INFO][2016-06-16 08:57:41,429][com.sirding.test.TestIniEditorSpread]true
[INFO][2016-06-16 08:57:41,429][com.sirding.test.TestIniEditorSpread]C:/yrtz/project4ecplise/inieditor-spread/target/test-classes/test.ini
[INFO][2016-06-16 08:59:04,786][com.sirding.test.TestIniEditorSpread]c:/yrtz/project4ecplise/inieditor-spread/target/test-classes/test.ini	null	0
[INFO][2016-06-16 08:59:04,797][com.sirding.test.TestIniEditorSpread]true
[INFO][2016-06-16 08:59:04,798][com.sirding.test.TestIniEditorSpread]C:/yrtz/project4ecplise/inieditor-spread/target/test-classes/test.ini
[INFO][2016-06-16 09:01:31,098][com.sirding.test.TestIniEditorSpread]c:/yrtz/project4ecplise/inieditor-spread/target/test-classes/test.ini	null	0
[INFO][2016-06-16 09:01:31,107][com.sirding.test.TestIniEditorSpread]true
[INFO][2016-06-16 09:01:31,107][com.sirding.test.TestIniEditorSpread]C:/yrtz/project4ecplise/inieditor-spread/target/test-classes/test.ini
[INFO][2016-06-16 09:04:33,119][com.sirding.test.TestIniEditorSpread]c:/yrtz/project4ecplise/inieditor-spread/target/test-classes/test.ini	null	0
[INFO][2016-06-16 09:04:33,127][com.sirding.test.TestIniEditorSpread]true
[INFO][2016-06-16 09:04:33,128][com.sirding.test.TestIniEditorSpread]C:/yrtz/project4ecplise/inieditor-spread/target/test-classes/test.ini
[INFO][2016-06-16 09:06:54,830][com.sirding.test.TestIniEditorSpread]c:/yrtz/project4ecplise/inieditor-spread/target/test-classes/test.ini	null	0
[INFO][2016-06-16 09:06:54,841][com.sirding.test.TestIniEditorSpread]true
[INFO][2016-06-16 09:06:54,842][com.sirding.test.TestIniEditorSpread]C:/yrtz/project4ecplise/inieditor-spread/target/test-classes/test.ini
[INFO][2016-06-16 09:11:28,516][com.sirding.test.TestIniEditorSpread]c:/yrtz/project4ecplise/inieditor-spread/target/test-classes/test.ini
[INFO][2016-06-16 09:13:55,856][com.sirding.test.TestIniEditorSpread]C:/yrtz/project4ecplise/inieditor-spread/target/test-classes/test.ini
[INFO][2016-06-16 09:13:55,869][com.sirding.test.TestIniEditorSpread]c:/yrtz/project4ecplise/inieditor-spread/target/test-classes/test.ini
[INFO][2016-06-16 09:16:17,768][com.sirding.test.TestIniEditorSpread]C:/yrtz/project4ecplise/inieditor-spread/target/test-classes/test.ini
[INFO][2016-06-16 09:16:17,803][com.sirding.test.TestIniEditorSpread]one
[INFO][2016-06-16 09:16:17,803][com.sirding.test.TestIniEditorSpread]two
[INFO][2016-06-16 09:16:17,804][com.sirding.test.TestIniEditorSpread]three
[INFO][2016-06-16 09:16:27,885][com.sirding.test.TestIniEditorSpread]one	one123	0
[INFO][2016-06-16 09:16:27,909][com.sirding.test.TestIniEditorSpread]two	two123	0
[INFO][2016-06-16 09:16:27,910][com.sirding.test.TestIniEditorSpread]three	three123	0
[INFO][2016-06-16 09:16:27,910][com.sirding.test.TestIniEditorSpread]true
[INFO][2016-06-16 09:16:27,911][com.sirding.test.TestIniEditorSpread]C:/yrtz/project4ecplise/inieditor-spread/target/test-classes/test.ini
[INFO][2016-06-16 09:33:56,662][com.sirding.test.TestIniEditorSpread]one	123456	0
[INFO][2016-06-16 09:33:56,685][com.sirding.test.TestIniEditorSpread]two	test@123	0
[INFO][2016-06-16 09:33:56,687][com.sirding.test.TestIniEditorSpread]three	111111	0
[INFO][2016-06-16 09:33:56,689][com.sirding.test.TestIniEditorSpread]C:/yrtz/project4ecplise/inieditor-spread/target/test-classes/test.ini
[INFO][2016-06-16 10:24:00,428][com.sirding.test.TestIniEditorSpread]0
[INFO][2016-06-16 10:24:00,436][com.sirding.test.TestIniEditorSpread]1
[INFO][2016-06-16 10:24:00,436][com.sirding.test.TestIniEditorSpread]2
[INFO][2016-06-16 10:24:00,437][com.sirding.test.TestIniEditorSpread]3
[INFO][2016-06-16 10:24:00,437][com.sirding.test.TestIniEditorSpread]4
[INFO][2016-06-16 10:34:12,846][com.sirding.test.TestIniEditorSpread]one	123456	0
[INFO][2016-06-16 10:34:12,853][com.sirding.test.TestIniEditorSpread]two	test@123	0
[INFO][2016-06-16 10:34:12,854][com.sirding.test.TestIniEditorSpread]three	111111	0
[INFO][2016-06-16 10:34:12,854][com.sirding.test.TestIniEditorSpread]C:/yrtz/project4ecplise/inieditor-spread/target/test-classes/test.ini
[INFO][2016-06-16 10:35:12,549][com.sirding.test.TestIniEditorSpread]one	123456	0
[INFO][2016-06-16 10:35:12,554][com.sirding.test.TestIniEditorSpread]two	test@123	0
[INFO][2016-06-16 10:35:12,554][com.sirding.test.TestIniEditorSpread]three	111111	0
[INFO][2016-06-16 10:35:12,554][com.sirding.test.TestIniEditorSpread]C:/yrtz/project4ecplise/inieditor-spread/target/test-classes/test.ini
[ERROR][2016-06-18 15:06:13,272][com.sirding.service.impl.SecServiceImpl]ERROR-Exception=======没有CONF_FILE_PATH属性或配置文件不存在======
[DEBUG][2016-06-18 15:13:09,685][com.sirding.service.impl.SecServiceImpl]配置信息将保存到【E:/git/github/inieditor-spread/target/test-classes/test.ini】文件中
[DEBUG][2016-06-18 15:13:09,904][com.sirding.service.impl.SecServiceImpl]配置信息已成功保存到文件中......
[DEBUG][2016-06-20 09:20:44,258][com.sirding.service.impl.SecServiceImpl]配置信息将保存到【C:/yrtz/project4ecplise/inieditor-spread/target/test-classes/test.ini】文件中
[DEBUG][2016-06-20 09:20:44,285][com.sirding.service.impl.SecServiceImpl]配置信息已成功保存到文件中......
[DEBUG][2016-06-20 09:22:29,460][com.sirding.service.impl.SecServiceImpl]配置信息将保存到【C:/yrtz/project4ecplise/inieditor-spread/target/test-classes/test.ini】文件中
[DEBUG][2016-06-20 09:24:17,328][com.sirding.service.impl.SecServiceImpl]配置信息已成功保存到文件中......
[DEBUG][2016-06-20 09:24:25,662][com.sirding.service.impl.SecServiceImpl]配置信息将保存到【C:/yrtz/project4ecplise/inieditor-spread/target/test-classes/test.ini】文件中
[DEBUG][2016-06-20 09:30:17,157][com.sirding.service.impl.SecServiceImpl]配置信息已成功保存到文件中......
[DEBUG][2016-06-20 09:40:29,913][com.sirding.service.impl.SecServiceImpl]配置信息将保存到【C:/yrtz/project4ecplise/inieditor-spread/target/test-classes/test.ini】文件中
[DEBUG][2016-06-20 09:40:29,937][com.sirding.service.impl.SecServiceImpl]配置信息已成功保存到文件中......
[DEBUG][2016-06-20 10:13:54,438][com.sirding.service.impl.SecServiceImpl]配置信息将保存到【C:/yrtz/project4ecplise/inieditor-spread/target/test-classes/test.ini】文件中
[DEBUG][2016-06-20 10:13:54,460][com.sirding.service.impl.SecServiceImpl]配置信息已成功保存到文件中......
[DEBUG][2016-06-20 10:16:06,649][com.sirding.service.impl.SecServiceImpl]配置信息将保存到【C:/yrtz/project4ecplise/inieditor-spread/target/test-classes/test.ini】文件中
[DEBUG][2016-06-20 10:16:06,675][com.sirding.service.impl.SecServiceImpl]配置信息已成功保存到文件中......
[DEBUG][2016-06-20 10:18:04,303][com.sirding.service.impl.SecServiceImpl]配置信息将保存到【C:/yrtz/project4ecplise/inieditor-spread/target/test-classes/test.ini】文件中
[DEBUG][2016-06-20 10:18:04,335][com.sirding.service.impl.SecServiceImpl]配置信息已成功保存到文件中......
[DEBUG][2016-06-20 10:18:30,287][com.sirding.service.impl.SecServiceImpl]配置信息将保存到【C:/yrtz/project4ecplise/inieditor-spread/target/test-classes/test.ini】文件中
[DEBUG][2016-06-20 10:18:30,314][com.sirding.service.impl.SecServiceImpl]配置信息已成功保存到文件中......
[DEBUG][2016-06-20 10:22:58,697][com.sirding.service.impl.SecServiceImpl]配置信息将保存到【C:/yrtz/project4ecplise/inieditor-spread/target/test-classes/test.ini】文件中
[DEBUG][2016-06-20 10:24:48,757][com.sirding.service.impl.SecServiceImpl]配置信息将保存到【C:/yrtz/project4ecplise/inieditor-spread/target/test-classes/test.ini】文件中
[DEBUG][2016-06-20 10:25:02,745][com.sirding.service.impl.SecServiceImpl]配置信息将保存到【C:/yrtz/project4ecplise/inieditor-spread/target/test-classes/test.ini】文件中
[DEBUG][2016-06-20 10:25:10,555][com.sirding.service.impl.SecServiceImpl]配置信息将保存到【C:/yrtz/project4ecplise/inieditor-spread/target/test-classes/test.ini】文件中
[DEBUG][2016-06-20 10:27:10,005][com.sirding.service.impl.SecServiceImpl]配置信息将保存到【C:/yrtz/project4ecplise/inieditor-spread/target/test-classes/test.ini】文件中
[DEBUG][2016-06-20 11:13:41,417][com.sirding.service.impl.SecServiceImpl]配置信息将保存到【C:/yrtz/project4ecplise/inieditor-spread/target/test-classes/test.ini】文件中
[DEBUG][2016-06-20 11:13:41,448][com.sirding.service.impl.SecServiceImpl]配置信息已成功保存到文件中......
[DEBUG][2016-06-20 11:14:56,173][com.sirding.service.impl.SecServiceImpl]配置信息将保存到【C:/yrtz/project4ecplise/inieditor-spread/target/test-classes/test.ini】文件中
[DEBUG][2016-06-20 11:14:56,209][com.sirding.service.impl.SecServiceImpl]配置信息已成功保存到文件中......
[DEBUG][2016-06-20 11:15:44,580][com.sirding.service.impl.SecServiceImpl]配置信息将保存到【C:/yrtz/project4ecplise/inieditor-spread/target/test-classes/test.ini】文件中
[DEBUG][2016-06-20 11:15:44,608][com.sirding.service.impl.SecServiceImpl]配置信息已成功保存到文件中......
[DEBUG][2016-06-20 11:20:27,809][com.sirding.service.impl.SecServiceImpl]配置信息将保存到【C:/yrtz/project4ecplise/inieditor-spread/target/test-classes/test.ini】文件中
[DEBUG][2016-06-20 11:25:44,377][com.sirding.service.impl.SecServiceImpl]配置信息已成功保存到文件中......
[DEBUG][2016-06-20 11:27:41,365][com.sirding.service.impl.SecServiceImpl]配置信息将保存到【C:/yrtz/project4ecplise/inieditor-spread/target/test-classes/test.ini】文件中
[INFO][2016-06-20 11:28:11,610][com.sirding.service.impl.SecServiceImpl]neme_a===
[INFO][2016-06-20 11:28:14,699][com.sirding.service.impl.SecServiceImpl]===protool
[INFO][2016-06-20 11:28:16,995][com.sirding.service.impl.SecServiceImpl]===name_a
[DEBUG][2016-06-20 11:29:17,050][com.sirding.service.impl.SecServiceImpl]配置信息将保存到【C:/yrtz/project4ecplise/inieditor-spread/target/test-classes/test.ini】文件中
[INFO][2016-06-20 11:29:17,082][com.sirding.service.impl.SecServiceImpl]name_a===
[INFO][2016-06-20 11:29:17,083][com.sirding.service.impl.SecServiceImpl]===protool
[INFO][2016-06-20 11:29:17,084][com.sirding.service.impl.SecServiceImpl]===name_a
[INFO][2016-06-20 11:29:17,084][com.sirding.service.impl.SecServiceImpl]pwda===
[INFO][2016-06-20 11:29:17,085][com.sirding.service.impl.SecServiceImpl]===protool
[INFO][2016-06-20 11:29:17,086][com.sirding.service.impl.SecServiceImpl]===name_a
[INFO][2016-06-20 11:29:17,086][com.sirding.service.impl.SecServiceImpl]nameb===
[INFO][2016-06-20 11:29:17,087][com.sirding.service.impl.SecServiceImpl]===protool
[INFO][2016-06-20 11:29:17,087][com.sirding.service.impl.SecServiceImpl]===name_a
[INFO][2016-06-20 11:29:17,088][com.sirding.service.impl.SecServiceImpl]pwdb===
[INFO][2016-06-20 11:29:17,088][com.sirding.service.impl.SecServiceImpl]===protool
[INFO][2016-06-20 11:29:17,089][com.sirding.service.impl.SecServiceImpl]===name_a
[DEBUG][2016-06-20 11:29:17,090][com.sirding.service.impl.SecServiceImpl]配置信息已成功保存到文件中......
